Using pre-set license
Built from '2020.3/staging' branch; Version is '2020.3.24f1 (79c78de19888) revision 7980941'; Using compiler version '192528614'; Build Type 'Release'
OS: 'Windows 10  (10.0.19043) 64bit CoreSingleLanguage' Language: 'pt' Physical Memory: 8030 MB
BatchMode: 1, IsHumanControllingUs: 0, StartBugReporterOnCrash: 0, Is64bit: 1, IsPro: 0

COMMAND LINE ARGUMENTS:
C:\Program Files\Unity\Hub\Editor\2020.3.24f1\Editor\Unity.exe
-adb2
-batchMode
-noUpm
-name
AssetImportWorker1
-projectPath
C:/Users/rafam/Jogos - Unity/Jogo - Trabalho final - 303.2021
-logFile
Logs/AssetImportWorker1.log
-srvPort
55738
Successfully changed project path to: C:/Users/rafam/Jogos - Unity/Jogo - Trabalho final - 303.2021
C:/Users/rafam/Jogos - Unity/Jogo - Trabalho final - 303.2021
Using Asset Import Pipeline V2.
Refreshing native plugins compatible for Editor in 84.45 ms, found 3 plugins.
Preloading 0 native plugins for Editor in 0.00 ms.
Initialize engine version: 2020.3.24f1 (79c78de19888)
[Subsystems] Discovering subsystems at path C:/Program Files/Unity/Hub/Editor/2020.3.24f1/Editor/Data/Resources/UnitySubsystems
[Subsystems] Discovering subsystems at path C:/Users/rafam/Jogos - Unity/Jogo - Trabalho final - 303.2021/Assets
GfxDevice: creating device client; threaded=0
Direct3D:
    Version:  Direct3D 11.0 [level 11.0]
    Renderer: Intel(R) HD Graphics 4000 (ID=0x166)
    Vendor:   
    VRAM:     128 MB
    Driver:   10.18.10.4252
Initialize mono
Mono path[0] = 'C:/Program Files/Unity/Hub/Editor/2020.3.24f1/Editor/Data/Managed'
Mono path[1] = 'C:/Program Files/Unity/Hub/Editor/2020.3.24f1/Editor/Data/MonoBleedingEdge/lib/mono/unityjit'
Mono config path = 'C:/Program Files/Unity/Hub/Editor/2020.3.24f1/Editor/Data/MonoBleedingEdge/etc'
Using monoOptions --debugger-agent=transport=dt_socket,embedding=1,server=y,suspend=n,address=127.0.0.1:56276
Begin MonoManager ReloadAssembly
Registering precompiled unity dll's ...
Register platform support module: C:/Program Files/Unity/Hub/Editor/2020.3.24f1/Editor/Data/PlaybackEngines/WindowsStandaloneSupport/UnityEditor.WindowsStandalone.Extensions.dll
Registered in 0.004066 seconds.
Native extension for WindowsStandalone target not found
Refreshing native plugins compatible for Editor in 83.12 ms, found 3 plugins.
Preloading 0 native plugins for Editor in 0.00 ms.
Mono: successfully reloaded assembly
- Completed reload, in  1.170 seconds
Domain Reload Profiling:
	ReloadAssembly (1170ms)
		BeginReloadAssembly (102ms)
			ExecutionOrderSort (0ms)
			DisableScriptedObjects (0ms)
			BackupInstance (0ms)
			ReleaseScriptingObjects (0ms)
			CreateAndSetChildDomain (1ms)
		EndReloadAssembly (890ms)
			LoadAssemblies (99ms)
			RebuildTransferFunctionScriptingTraits (0ms)
			SetupTypeCache (326ms)
			ReleaseScriptCaches (0ms)
			RebuildScriptCaches (60ms)
			SetupLoadedEditorAssemblies (317ms)
				LogAssemblyErrors (0ms)
				InitializePlatformSupportModulesInManaged (8ms)
				SetLoadedEditorAssemblies (0ms)
				RefreshPlugins (83ms)
				BeforeProcessingInitializeOnLoad (15ms)
				ProcessInitializeOnLoadAttributes (155ms)
				ProcessInitializeOnLoadMethodAttributes (54ms)
				AfterProcessingInitializeOnLoad (0ms)
				EditorAssembliesLoaded (0ms)
			ExecutionOrderSort2 (0ms)
			AwakeInstancesAfterBackupRestoration (0ms)
Platform modules already initialized, skipping
Registering precompiled user dll's ...
Registered in 0.009211 seconds.
Begin MonoManager ReloadAssembly
Native extension for WindowsStandalone target not found
Refreshing native plugins compatible for Editor in 78.24 ms, found 3 plugins.
Preloading 0 native plugins for Editor in 0.00 ms.
Mono: successfully reloaded assembly
- Completed reload, in  2.154 seconds
Domain Reload Profiling:
	ReloadAssembly (2155ms)
		BeginReloadAssembly (287ms)
			ExecutionOrderSort (0ms)
			DisableScriptedObjects (9ms)
			BackupInstance (0ms)
			ReleaseScriptingObjects (0ms)
			CreateAndSetChildDomain (31ms)
		EndReloadAssembly (1743ms)
			LoadAssemblies (171ms)
			RebuildTransferFunctionScriptingTraits (0ms)
			SetupTypeCache (578ms)
			ReleaseScriptCaches (1ms)
			RebuildScriptCaches (112ms)
			SetupLoadedEditorAssemblies (627ms)
				LogAssemblyErrors (0ms)
				InitializePlatformSupportModulesInManaged (7ms)
				SetLoadedEditorAssemblies (0ms)
				RefreshPlugins (78ms)
				BeforeProcessingInitializeOnLoad (123ms)
				ProcessInitializeOnLoadAttributes (377ms)
				ProcessInitializeOnLoadMethodAttributes (30ms)
				AfterProcessingInitializeOnLoad (12ms)
				EditorAssembliesLoaded (0ms)
			ExecutionOrderSort2 (0ms)
			AwakeInstancesAfterBackupRestoration (12ms)
Platform modules already initialized, skipping
========================================================================
Worker process is ready to serve import requests
Launched and connected shader compiler UnityShaderCompiler.exe after 0.36 seconds
Refreshing native plugins compatible for Editor in 1.93 ms, found 3 plugins.
Preloading 0 native plugins for Editor in 0.00 ms.
Unloading 2197 Unused Serialized files (Serialized files now loaded: 0)
System memory in use before: 95.9 MB.
System memory in use after: 96.0 MB.

Unloading 28 unused Assets to reduce memory usage. Loaded Objects now: 2631.
Total: 4.767000 ms (FindLiveObjects: 0.314800 ms CreateObjectMapping: 0.144500 ms MarkObjects: 4.129400 ms  DeleteObjects: 0.176000 ms)

AssetImportParameters requested are different than current active one (requested -> active):
  custom:framework-win-MediaFoundation: 216162199b28c13a410421893ffa2e32 -> 
  custom:video-decoder-ogg-theora: a1e56fd34408186e4bbccfd4996cb3dc -> 
  custom:container-muxer-webm: aa71ff27fc2769a1b78a27578f13a17b -> 
  custom:container-demuxer-webm: 4f35f7cbe854078d1ac9338744f61a02 -> 
  custom:container-demuxer-ogg: 62fdf1f143b41e24485cea50d1cbac27 -> 
  custom:video-encoder-webm-vp8: eb34c28f22e8b96e1ab97ce403110664 -> 
  custom:video-decoder-webm-vp8: 9c59270c3fd7afecdb556c50c9e8de78 -> 
  custom:audio-decoder-ogg-vorbis: bf7c407c2cedff20999df2af8eb42d56 -> 
  custom:audio-encoder-webm-vorbis: bf7c407c2cedff20999df2af8eb42d56 -> 
========================================================================
Received Prepare
Refreshing native plugins compatible for Editor in 40.78 ms, found 3 plugins.
Preloading 0 native plugins for Editor in 0.00 ms.
Unloading 15 Unused Serialized files (Serialized files now loaded: 0)
System memory in use before: 52.2 MB.
System memory in use after: 52.3 MB.

Unloading 15 unused Assets to reduce memory usage. Loaded Objects now: 2631.
Total: 6.973800 ms (FindLiveObjects: 1.255700 ms CreateObjectMapping: 0.227600 ms MarkObjects: 5.454000 ms  DeleteObjects: 0.030900 ms)

AssetImportParameters requested are different than current active one (requested -> active):
  custom:framework-win-MediaFoundation: 216162199b28c13a410421893ffa2e32 -> 
  custom:video-decoder-ogg-theora: a1e56fd34408186e4bbccfd4996cb3dc -> 
  custom:container-muxer-webm: aa71ff27fc2769a1b78a27578f13a17b -> 
  custom:container-demuxer-webm: 4f35f7cbe854078d1ac9338744f61a02 -> 
  custom:container-demuxer-ogg: 62fdf1f143b41e24485cea50d1cbac27 -> 
  custom:video-encoder-webm-vp8: eb34c28f22e8b96e1ab97ce403110664 -> 
  custom:video-decoder-webm-vp8: 9c59270c3fd7afecdb556c50c9e8de78 -> 
  custom:audio-decoder-ogg-vorbis: bf7c407c2cedff20999df2af8eb42d56 -> 
  custom:audio-encoder-webm-vorbis: bf7c407c2cedff20999df2af8eb42d56 -> 
========================================================================
Received Import Request.
  path: Assets/Scripts/SettingsMenu.cs
  artifactKey: Guid(ddb020f2ce6767d49b177905bb6839ea) Importer(815301076,1909f56bfc062723c751e8b465ee728b)
Start importing Assets/Scripts/SettingsMenu.cs using Guid(ddb020f2ce6767d49b177905bb6839ea) Importer(815301076,1909f56bfc062723c751e8b465ee728b)  -> (artifact id: 'b38f3f513f371ab97be8248f10066c12') in 0.143171 seconds 
  Import took 0.156632 seconds .

========================================================================
Received Prepare
Registering precompiled user dll's ...
Registered in 0.019144 seconds.
Begin MonoManager ReloadAssembly
Native extension for WindowsStandalone target not found
Refreshing native plugins compatible for Editor in 0.88 ms, found 3 plugins.
Preloading 0 native plugins for Editor in 0.00 ms.
Mono: successfully reloaded assembly
- Completed reload, in  2.658 seconds
Domain Reload Profiling:
	ReloadAssembly (2660ms)
		BeginReloadAssembly (213ms)
			ExecutionOrderSort (0ms)
			DisableScriptedObjects (13ms)
			BackupInstance (0ms)
			ReleaseScriptingObjects (0ms)
			CreateAndSetChildDomain (69ms)
		EndReloadAssembly (2291ms)
			LoadAssemblies (318ms)
			RebuildTransferFunctionScriptingTraits (0ms)
			SetupTypeCache (729ms)
			ReleaseScriptCaches (1ms)
			RebuildScriptCaches (216ms)
			SetupLoadedEditorAssemblies (750ms)
				LogAssemblyErrors (0ms)
				InitializePlatformSupportModulesInManaged (9ms)
				SetLoadedEditorAssemblies (1ms)
				RefreshPlugins (1ms)
				BeforeProcessingInitializeOnLoad (129ms)
				ProcessInitializeOnLoadAttributes (567ms)
				ProcessInitializeOnLoadMethodAttributes (24ms)
				AfterProcessingInitializeOnLoad (18ms)
				EditorAssembliesLoaded (1ms)
			ExecutionOrderSort2 (0ms)
			AwakeInstancesAfterBackupRestoration (26ms)
Platform modules already initialized, skipping
Refreshing native plugins compatible for Editor in 1.25 ms, found 3 plugins.
Preloading 0 native plugins for Editor in 0.00 ms.
Unloading 2186 Unused Serialized files (Serialized files now loaded: 0)
System memory in use before: 95.3 MB.
System memory in use after: 95.4 MB.

Unloading 17 unused Assets to reduce memory usage. Loaded Objects now: 2633.
Total: 4.580500 ms (FindLiveObjects: 0.310200 ms CreateObjectMapping: 0.136700 ms MarkObjects: 4.095300 ms  DeleteObjects: 0.035600 ms)

AssetImportParameters requested are different than current active one (requested -> active):
  custom:framework-win-MediaFoundation: 216162199b28c13a410421893ffa2e32 -> 
  custom:video-decoder-ogg-theora: a1e56fd34408186e4bbccfd4996cb3dc -> 
  custom:container-muxer-webm: aa71ff27fc2769a1b78a27578f13a17b -> 
  custom:container-demuxer-webm: 4f35f7cbe854078d1ac9338744f61a02 -> 
  custom:container-demuxer-ogg: 62fdf1f143b41e24485cea50d1cbac27 -> 
  custom:video-encoder-webm-vp8: eb34c28f22e8b96e1ab97ce403110664 -> 
  custom:video-decoder-webm-vp8: 9c59270c3fd7afecdb556c50c9e8de78 -> 
  custom:audio-decoder-ogg-vorbis: bf7c407c2cedff20999df2af8eb42d56 -> 
  custom:audio-encoder-webm-vorbis: bf7c407c2cedff20999df2af8eb42d56 -> 
========================================================================
Received Import Request.
  Time since last request: 867.724297 seconds.
  path: Assets/Scenes/SampleScene.unity
  artifactKey: Guid(2cda990e2423bbf4892e6590ba056729) Importer(815301076,1909f56bfc062723c751e8b465ee728b)
Start importing Assets/Scenes/SampleScene.unity using Guid(2cda990e2423bbf4892e6590ba056729) Importer(815301076,1909f56bfc062723c751e8b465ee728b)  -> (artifact id: '00e1a080b9c43db3e0ceaf927f02e875') in 0.041389 seconds 
  Import took 0.049224 seconds .

========================================================================
Received Import Request.
  Time since last request: 52.287686 seconds.
  path: Assets/Scenes
  artifactKey: Guid(e22b690d646acd246b09aa9d889f67d2) Importer(815301076,1909f56bfc062723c751e8b465ee728b)
Start importing Assets/Scenes using Guid(e22b690d646acd246b09aa9d889f67d2) Importer(815301076,1909f56bfc062723c751e8b465ee728b)  -> (artifact id: '5a114a172c35fbebde237874685af564') in 0.026530 seconds 
  Import took 0.043653 seconds .

========================================================================
Received Import Request.
  Time since last request: 3.048051 seconds.
  path: Assets/Scenes/MenuInicial.unity
  artifactKey: Guid(f9b3bf2893662654eb6d2e71bbb6251b) Importer(815301076,1909f56bfc062723c751e8b465ee728b)
Start importing Assets/Scenes/MenuInicial.unity using Guid(f9b3bf2893662654eb6d2e71bbb6251b) Importer(815301076,1909f56bfc062723c751e8b465ee728b)  -> (artifact id: '2753a5440bbccc8380e95cbfd7e100ee') in 0.019069 seconds 
  Import took 0.026834 seconds .

========================================================================
Received Import Request.
  Time since last request: 76.821395 seconds.
  path: Assets/Scenes/GameLevel.unity
  artifactKey: Guid(d859480f3444f3740b9814fb20850a19) Importer(815301076,1909f56bfc062723c751e8b465ee728b)
Start importing Assets/Scenes/GameLevel.unity using Guid(d859480f3444f3740b9814fb20850a19) Importer(815301076,1909f56bfc062723c751e8b465ee728b)  -> (artifact id: '939875cf535241cad70080005af8d96c') in 0.025992 seconds 
  Import took 0.033043 seconds .

========================================================================
Received Import Request.
  Time since last request: 409.958939 seconds.
  path: Assets/Sprites
  artifactKey: Guid(eb1f001a9632af74890e8d6cc64c2103) Importer(815301076,1909f56bfc062723c751e8b465ee728b)
Start importing Assets/Sprites using Guid(eb1f001a9632af74890e8d6cc64c2103) Importer(815301076,1909f56bfc062723c751e8b465ee728b)  -> (artifact id: '7ed63f827743210ee23ff4be9fa21d2f') in 0.023737 seconds 
  Import took 0.031737 seconds .

========================================================================
Received Import Request.
  Time since last request: 0.057387 seconds.
  path: Assets/Sprites/Background.png
  artifactKey: Guid(a3746c9911209459784cc6f4d2ff232e) Importer(815301076,1909f56bfc062723c751e8b465ee728b)
Start importing Assets/Sprites/Background.png using Guid(a3746c9911209459784cc6f4d2ff232e) Importer(815301076,1909f56bfc062723c751e8b465ee728b)  -> (artifact id: '591395450b48147a250c6b7f2701ef9a') in 0.370651 seconds 
  Import took 0.376270 seconds .

========================================================================
Received Import Request.
  Time since last request: 0.000304 seconds.
  path: Assets/Sprites/Objects.png
  artifactKey: Guid(af53b6e2b16f041f1b3906ab8dfefabd) Importer(815301076,1909f56bfc062723c751e8b465ee728b)
Start importing Assets/Sprites/Objects.png using Guid(af53b6e2b16f041f1b3906ab8dfefabd) Importer(815301076,1909f56bfc062723c751e8b465ee728b)  -> (artifact id: 'ca229f8e41ae7dbe0814549c82ce38cd') in 0.142592 seconds 
  Import took 0.149115 seconds .

========================================================================
Received Import Request.
  Time since last request: 299.522890 seconds.
  path: Assets/Sprites/Objects.png
  artifactKey: Guid(af53b6e2b16f041f1b3906ab8dfefabd) Importer(815301076,1909f56bfc062723c751e8b465ee728b)
Start importing Assets/Sprites/Objects.png using Guid(af53b6e2b16f041f1b3906ab8dfefabd) Importer(815301076,1909f56bfc062723c751e8b465ee728b)  -> (artifact id: 'b87febd4e003602a59555f8cb10af57d') in 0.204358 seconds 
  Import took 0.217340 seconds .

========================================================================
Received Import Request.
  Time since last request: 249.982042 seconds.
  path: ProjectSettings/TagManager.asset
  artifactKey: Guid(00000000000000003000000000000000) Importer(815301076,1909f56bfc062723c751e8b465ee728b)
Start importing ProjectSettings/TagManager.asset using Guid(00000000000000003000000000000000) Importer(815301076,1909f56bfc062723c751e8b465ee728b)  -> (artifact id: 'ab33b187101eed3560c3387cfd2e1904') in 0.018852 seconds 
  Import took 0.027277 seconds .

========================================================================
Received Import Request.
  Time since last request: 823.055159 seconds.
  path: Assets/Prefabs
  artifactKey: Guid(024fa703f72ce084180d5a115f1731b2) Importer(815301076,1909f56bfc062723c751e8b465ee728b)
Start importing Assets/Prefabs using Guid(024fa703f72ce084180d5a115f1731b2) Importer(815301076,1909f56bfc062723c751e8b465ee728b)  -> (artifact id: 'b5e6a842b75cd32299c4ff0835eb2a17') in 0.026107 seconds 
  Import took 0.034568 seconds .

========================================================================
Received Import Request.
  Time since last request: 17.545229 seconds.
  path: Assets/Prefabs/Cloud1.prefab
  artifactKey: Guid(68cb59082df3ce24e84570e1e22c3594) Importer(815301076,1909f56bfc062723c751e8b465ee728b)
Start importing Assets/Prefabs/Cloud1.prefab using Guid(68cb59082df3ce24e84570e1e22c3594) Importer(815301076,1909f56bfc062723c751e8b465ee728b)  -> (artifact id: '153022c4310c31784f2aa48dc1bdeae8') in 0.215282 seconds 
  Import took 0.224121 seconds .

========================================================================
Received Import Request.
  Time since last request: 49.439121 seconds.
  path: Assets/Prefabs/Cloud2.prefab
  artifactKey: Guid(1f1e4564ff6199644a98c07d1c36a6ee) Importer(815301076,1909f56bfc062723c751e8b465ee728b)
Start importing Assets/Prefabs/Cloud2.prefab using Guid(1f1e4564ff6199644a98c07d1c36a6ee) Importer(815301076,1909f56bfc062723c751e8b465ee728b)  -> (artifact id: '6cb263e74ae3322e29fb16bb954df0a7') in 0.041126 seconds 
  Import took 0.050615 seconds .

========================================================================
Received Import Request.
  Time since last request: 1.886319 seconds.
  path: Assets/Prefabs/Cloud3.prefab
  artifactKey: Guid(59e04e0cc99db9f49a35b904158dd3fe) Importer(815301076,1909f56bfc062723c751e8b465ee728b)
Start importing Assets/Prefabs/Cloud3.prefab using Guid(59e04e0cc99db9f49a35b904158dd3fe) Importer(815301076,1909f56bfc062723c751e8b465ee728b)  -> (artifact id: '64506a5ef5adc3d6c2b6c590cc5c12e5') in 0.059567 seconds 
  Import took 0.069867 seconds .

AssetImportWorkerClient::OnTransportError - code=2 error=End of file
