Using pre-set license
Built from '2020.3/release' branch; Version is '2020.3.7f1 (dd97f2c94397) revision 14522354'; Using compiler version '192528614'; Build Type 'Release'
OS: 'Windows 10 Home Single Language; OS build 19041.329; Version 2004; 64bit' Language: 'pt' Physical Memory: 8030 MB
BatchMode: 1, IsHumanControllingUs: 0, StartBugReporterOnCrash: 0, Is64bit: 1, IsPro: 0

 COMMAND LINE ARGUMENTS:
C:\Program Files\Unity\Hub\Editor\2020.3.7f1\Editor\Unity.exe
-adb2
-batchMode
-noUpm
-name
AssetImportWorker0
-projectPath
C:/Users/rafam/Games  - Unity/Jogo - Trabalho final - 303.2021
-logFile
Logs/AssetImportWorker0.log
-srvPort
50381
Successfully changed project path to: C:/Users/rafam/Games  - Unity/Jogo - Trabalho final - 303.2021
C:/Users/rafam/Games  - Unity/Jogo - Trabalho final - 303.2021
Using Asset Import Pipeline V2.
Refreshing native plugins compatible for Editor in 59.85 ms, found 1 plugins.
Preloading 0 native plugins for Editor in 0.00 ms.
Initialize engine version: 2020.3.7f1 (dd97f2c94397)
[Subsystems] Discovering subsystems at path C:/Program Files/Unity/Hub/Editor/2020.3.7f1/Editor/Data/Resources/UnitySubsystems
[Subsystems] Discovering subsystems at path C:/Users/rafam/Games  - Unity/Jogo - Trabalho final - 303.2021/Assets
GfxDevice: creating device client; threaded=0
Direct3D:
    Version:  Direct3D 11.0 [level 11.0]
    Renderer: Intel(R) HD Graphics 4000 (ID=0x166)
    Vendor:   
    VRAM:     128 MB
    Driver:   10.18.10.5129
Initialize mono
Mono path[0] = 'C:/Program Files/Unity/Hub/Editor/2020.3.7f1/Editor/Data/Managed'
Mono path[1] = 'C:/Program Files/Unity/Hub/Editor/2020.3.7f1/Editor/Data/MonoBleedingEdge/lib/mono/unityjit'
Mono config path = 'C:/Program Files/Unity/Hub/Editor/2020.3.7f1/Editor/Data/MonoBleedingEdge/etc'
Using monoOptions --debugger-agent=transport=dt_socket,embedding=1,server=y,suspend=n,address=127.0.0.1:56408
Begin MonoManager ReloadAssembly
Registering precompiled unity dll's ...
Register platform support module: C:/Program Files/Unity/Hub/Editor/2020.3.7f1/Editor/Data/PlaybackEngines/WebGLSupport/UnityEditor.WebGL.Extensions.dll
Register platform support module: C:/Program Files/Unity/Hub/Editor/2020.3.7f1/Editor/Data/PlaybackEngines/WindowsStandaloneSupport/UnityEditor.WindowsStandalone.Extensions.dll
Registered in 0.003617 seconds.
Native extension for WindowsStandalone target not found
Native extension for WebGL target not found
Refreshing native plugins compatible for Editor in 59.74 ms, found 1 plugins.
Preloading 0 native plugins for Editor in 0.00 ms.
Mono: successfully reloaded assembly
- Completed reload, in  1.626 seconds
Platform modules already initialized, skipping
Registering precompiled user dll's ...
Registered in 0.002008 seconds.
Begin MonoManager ReloadAssembly
Native extension for WindowsStandalone target not found
Native extension for WebGL target not found
Refreshing native plugins compatible for Editor in 61.22 ms, found 1 plugins.
Preloading 0 native plugins for Editor in 0.00 ms.
Mono: successfully reloaded assembly
- Completed reload, in  1.542 seconds
Platform modules already initialized, skipping
========================================================================
Worker process is ready to serve import requests
Launched and connected shader compiler UnityShaderCompiler.exe after 0.05 seconds
Refreshing native plugins compatible for Editor in 0.75 ms, found 1 plugins.
Preloading 0 native plugins for Editor in 0.00 ms.
Unloading 1811 Unused Serialized files (Serialized files now loaded: 0)
System memory in use before: 85.0 MB.
System memory in use after: 84.9 MB.

Unloading 24 unused Assets to reduce memory usage. Loaded Objects now: 2254.
Total: 3.109600 ms (FindLiveObjects: 0.303100 ms CreateObjectMapping: 0.201700 ms MarkObjects: 2.418600 ms  DeleteObjects: 0.184300 ms)

========================================================================
Received Import Request.
  path: ProjectSettings/TagManager.asset
  artifactKey: Guid(00000000000000003000000000000000) Importer(815301076,1909f56bfc062723c751e8b465ee728b)
Start importing ProjectSettings/TagManager.asset using Guid(00000000000000003000000000000000) Importer(815301076,1909f56bfc062723c751e8b465ee728b)  -> (artifact id: '4e2c9a942417b4f66058049384ac1c34') in 0.044173 seconds
  Import took 0.049943 seconds .

========================================================================
Received Prepare
Registering precompiled user dll's ...
Registered in 0.001418 seconds.
Begin MonoManager ReloadAssembly
Native extension for WindowsStandalone target not found
Native extension for WebGL target not found
Refreshing native plugins compatible for Editor in 0.48 ms, found 1 plugins.
Preloading 0 native plugins for Editor in 0.00 ms.
Mono: successfully reloaded assembly
- Completed reload, in  1.564 seconds
Platform modules already initialized, skipping
Refreshing native plugins compatible for Editor in 0.77 ms, found 1 plugins.
Preloading 0 native plugins for Editor in 0.00 ms.
Unloading 1806 Unused Serialized files (Serialized files now loaded: 0)
System memory in use before: 84.9 MB.
System memory in use after: 84.9 MB.

Unloading 13 unused Assets to reduce memory usage. Loaded Objects now: 2258.
Total: 2.655300 ms (FindLiveObjects: 0.252600 ms CreateObjectMapping: 0.093500 ms MarkObjects: 2.158400 ms  DeleteObjects: 0.148900 ms)

========================================================================
Received Prepare
Registering precompiled user dll's ...
Registered in 0.002180 seconds.
Begin MonoManager ReloadAssembly
Native extension for WindowsStandalone target not found
Native extension for WebGL target not found
Refreshing native plugins compatible for Editor in 0.51 ms, found 1 plugins.
Preloading 0 native plugins for Editor in 0.00 ms.
Mono: successfully reloaded assembly
- Completed reload, in  1.440 seconds
Platform modules already initialized, skipping
Refreshing native plugins compatible for Editor in 0.75 ms, found 1 plugins.
Preloading 0 native plugins for Editor in 0.00 ms.
Unloading 1806 Unused Serialized files (Serialized files now loaded: 0)
System memory in use before: 85.0 MB.
System memory in use after: 84.9 MB.

Unloading 12 unused Assets to reduce memory usage. Loaded Objects now: 2262.
Total: 8.515000 ms (FindLiveObjects: 1.442400 ms CreateObjectMapping: 0.906600 ms MarkObjects: 5.963000 ms  DeleteObjects: 0.199700 ms)

========================================================================
Received Prepare
Registering precompiled user dll's ...
Registered in 0.002091 seconds.
Begin MonoManager ReloadAssembly
Native extension for WindowsStandalone target not found
Native extension for WebGL target not found
Refreshing native plugins compatible for Editor in 0.48 ms, found 1 plugins.
Preloading 0 native plugins for Editor in 0.00 ms.
Mono: successfully reloaded assembly
- Completed reload, in  2.075 seconds
Platform modules already initialized, skipping
Refreshing native plugins compatible for Editor in 0.79 ms, found 1 plugins.
Preloading 0 native plugins for Editor in 0.00 ms.
Unloading 1806 Unused Serialized files (Serialized files now loaded: 0)
System memory in use before: 85.0 MB.
System memory in use after: 85.0 MB.

Unloading 12 unused Assets to reduce memory usage. Loaded Objects now: 2266.
Total: 3.212700 ms (FindLiveObjects: 0.345300 ms CreateObjectMapping: 0.205200 ms MarkObjects: 2.495300 ms  DeleteObjects: 0.162700 ms)

========================================================================
Received Prepare
Registering precompiled user dll's ...
Registered in 0.002457 seconds.
Begin MonoManager ReloadAssembly
Native extension for WindowsStandalone target not found
Native extension for WebGL target not found
Refreshing native plugins compatible for Editor in 0.48 ms, found 1 plugins.
Preloading 0 native plugins for Editor in 0.00 ms.
Mono: successfully reloaded assembly
- Completed reload, in  1.447 seconds
Platform modules already initialized, skipping
Refreshing native plugins compatible for Editor in 1.12 ms, found 1 plugins.
Preloading 0 native plugins for Editor in 0.00 ms.
Unloading 1806 Unused Serialized files (Serialized files now loaded: 0)
System memory in use before: 85.0 MB.
System memory in use after: 84.9 MB.

Unloading 12 unused Assets to reduce memory usage. Loaded Objects now: 2270.
Total: 2.748300 ms (FindLiveObjects: 0.296000 ms CreateObjectMapping: 0.097500 ms MarkObjects: 2.191900 ms  DeleteObjects: 0.158900 ms)

========================================================================
Received Import Request.
  Time since last request: 13878.931439 seconds.
  path: Assets/Scripts/Settings.cs
  artifactKey: Guid(7b126e06ba596f04f9ea0d46994bbe3c) Importer(815301076,1909f56bfc062723c751e8b465ee728b)
Start importing Assets/Scripts/Settings.cs using Guid(7b126e06ba596f04f9ea0d46994bbe3c) Importer(815301076,1909f56bfc062723c751e8b465ee728b)  -> (artifact id: '760c6182d14043bb302e0259c5ed0f40') in 0.011501 seconds
  Import took 0.018449 seconds .

========================================================================
Received Import Request.
  Time since last request: 184.868756 seconds.
  path: Assets/Scripts/MainMenu.cs
  artifactKey: Guid(ea02fbe4806026b40b8de51474db2813) Importer(815301076,1909f56bfc062723c751e8b465ee728b)
Start importing Assets/Scripts/MainMenu.cs using Guid(ea02fbe4806026b40b8de51474db2813) Importer(815301076,1909f56bfc062723c751e8b465ee728b)  -> (artifact id: '3ceb99be158aac984a7c9a1224997135') in 0.005482 seconds
  Import took 0.011376 seconds .

========================================================================
Received Prepare
Registering precompiled user dll's ...
Registered in 0.004462 seconds.
Begin MonoManager ReloadAssembly
Native extension for WindowsStandalone target not found
Native extension for WebGL target not found
Refreshing native plugins compatible for Editor in 0.65 ms, found 1 plugins.
Preloading 0 native plugins for Editor in 0.00 ms.
Mono: successfully reloaded assembly
- Completed reload, in  2.101 seconds
Platform modules already initialized, skipping
Refreshing native plugins compatible for Editor in 0.79 ms, found 1 plugins.
Preloading 0 native plugins for Editor in 0.00 ms.
Unloading 1806 Unused Serialized files (Serialized files now loaded: 0)
System memory in use before: 85.0 MB.
System memory in use after: 85.0 MB.

Unloading 12 unused Assets to reduce memory usage. Loaded Objects now: 2274.
Total: 3.768200 ms (FindLiveObjects: 0.687000 ms CreateObjectMapping: 0.155200 ms MarkObjects: 2.745400 ms  DeleteObjects: 0.178400 ms)

========================================================================
Received Import Request.
  Time since last request: 992.825117 seconds.
  path: Assets/Audios/big-brother-fuzil.mp3
  artifactKey: Guid(001495f865fda4142abe688fee7be22f) Importer(815301076,1909f56bfc062723c751e8b465ee728b)
Start importing Assets/Audios/big-brother-fuzil.mp3 using Guid(001495f865fda4142abe688fee7be22f) Importer(815301076,1909f56bfc062723c751e8b465ee728b)  -> (artifact id: 'f291914cf0c64675ca97866871b8538e') in 0.136725 seconds
  Import took 0.142791 seconds .

========================================================================
Received Import Request.
  Time since last request: 5.945115 seconds.
  path: Assets/Audios/iniciar.mp3
  artifactKey: Guid(6e2f7a26b6a2cbd439428cfaf90d87ef) Importer(815301076,1909f56bfc062723c751e8b465ee728b)
Start importing Assets/Audios/iniciar.mp3 using Guid(6e2f7a26b6a2cbd439428cfaf90d87ef) Importer(815301076,1909f56bfc062723c751e8b465ee728b)  -> (artifact id: 'e89a58bfdb58acaa475259e556b7538f') in 0.014294 seconds
  Import took 0.020787 seconds .

========================================================================
Received Import Request.
  Time since last request: 0.006028 seconds.
  path: Assets/Audios/iniciar.mp3
  artifactKey: Guid(6e2f7a26b6a2cbd439428cfaf90d87ef) Importer(815301076,1909f56bfc062723c751e8b465ee728b)
Start importing Assets/Audios/iniciar.mp3 using Guid(6e2f7a26b6a2cbd439428cfaf90d87ef) Importer(815301076,1909f56bfc062723c751e8b465ee728b)  -> (artifact id: 'e89a58bfdb58acaa475259e556b7538f') in 0.014743 seconds
  Import took 0.021616 seconds .

========================================================================
Received Import Request.
  Time since last request: 4.575794 seconds.
  path: Assets/Audios/sair.mp3
  artifactKey: Guid(de82998f5b841914dba3408418f445e2) Importer(815301076,1909f56bfc062723c751e8b465ee728b)
Start importing Assets/Audios/sair.mp3 using Guid(de82998f5b841914dba3408418f445e2) Importer(815301076,1909f56bfc062723c751e8b465ee728b)  -> (artifact id: 'edddcb2abec413c4e21f8701a052d6b8') in 0.013579 seconds
  Import took 0.019833 seconds .

========================================================================
Received Import Request.
  Time since last request: 0.001588 seconds.
  path: Assets/Audios/sair.mp3
  artifactKey: Guid(de82998f5b841914dba3408418f445e2) Importer(815301076,1909f56bfc062723c751e8b465ee728b)
Start importing Assets/Audios/sair.mp3 using Guid(de82998f5b841914dba3408418f445e2) Importer(815301076,1909f56bfc062723c751e8b465ee728b)  -> (artifact id: 'edddcb2abec413c4e21f8701a052d6b8') in 0.012654 seconds
  Import took 0.017740 seconds .

========================================================================
Received Import Request.
  Time since last request: 6.170494 seconds.
  path: Assets/Audios/configuracoes.mp3
  artifactKey: Guid(a8fe42a804718ad4f93518f4af7d6a25) Importer(815301076,1909f56bfc062723c751e8b465ee728b)
Start importing Assets/Audios/configuracoes.mp3 using Guid(a8fe42a804718ad4f93518f4af7d6a25) Importer(815301076,1909f56bfc062723c751e8b465ee728b)  -> (artifact id: 'adfb55df46c8b1412a3443368dede1af') in 0.014147 seconds
  Import took 0.019720 seconds .

========================================================================
Received Import Request.
  Time since last request: 0.005702 seconds.
  path: Assets/Audios/configuracoes.mp3
  artifactKey: Guid(a8fe42a804718ad4f93518f4af7d6a25) Importer(815301076,1909f56bfc062723c751e8b465ee728b)
Start importing Assets/Audios/configuracoes.mp3 using Guid(a8fe42a804718ad4f93518f4af7d6a25) Importer(815301076,1909f56bfc062723c751e8b465ee728b)  -> (artifact id: 'adfb55df46c8b1412a3443368dede1af') in 0.013803 seconds
  Import took 0.020884 seconds .

========================================================================
Received Import Request.
  Time since last request: 16.997860 seconds.
  path: Assets/Audios/WhatsApp-Audio-2021-09-13-at-16.45.27-_1_.mp3
  artifactKey: Guid(b4a0df5828e51fd488d0a0cfb27c4ba6) Importer(815301076,1909f56bfc062723c751e8b465ee728b)
Start importing Assets/Audios/WhatsApp-Audio-2021-09-13-at-16.45.27-_1_.mp3 using Guid(b4a0df5828e51fd488d0a0cfb27c4ba6) Importer(815301076,1909f56bfc062723c751e8b465ee728b)  -> (artifact id: 'b6c4fe615b2f65487ca126a65b19fc45') in 0.018804 seconds
  Import took 0.024515 seconds .

========================================================================
Received Import Request.
  Time since last request: 0.000358 seconds.
  path: Assets/Audios/WhatsApp-Audio-2021-09-13-at-16.45.27.mp3
  artifactKey: Guid(cb43487e45fcfb24689fc55417f1c4c1) Importer(815301076,1909f56bfc062723c751e8b465ee728b)
Start importing Assets/Audios/WhatsApp-Audio-2021-09-13-at-16.45.27.mp3 using Guid(cb43487e45fcfb24689fc55417f1c4c1) Importer(815301076,1909f56bfc062723c751e8b465ee728b)  -> (artifact id: '371e689b59dfd87ddb334622c2ed30f6') in 0.015660 seconds
  Import took 0.023006 seconds .

========================================================================
Received Import Request.
  Time since last request: 0.000335 seconds.
  path: Assets/Audios/WhatsApp-Audio-2021-09-13-at-16.45.27-_1_.mp3
  artifactKey: Guid(b4a0df5828e51fd488d0a0cfb27c4ba6) Importer(815301076,1909f56bfc062723c751e8b465ee728b)
Start importing Assets/Audios/WhatsApp-Audio-2021-09-13-at-16.45.27-_1_.mp3 using Guid(b4a0df5828e51fd488d0a0cfb27c4ba6) Importer(815301076,1909f56bfc062723c751e8b465ee728b)  -> (artifact id: 'b6c4fe615b2f65487ca126a65b19fc45') in 0.013591 seconds
  Import took 0.018403 seconds .

========================================================================
Received Import Request.
  Time since last request: 0.000301 seconds.
  path: Assets/Audios/WhatsApp-Audio-2021-09-13-at-16.45.27.mp3
  artifactKey: Guid(cb43487e45fcfb24689fc55417f1c4c1) Importer(815301076,1909f56bfc062723c751e8b465ee728b)
Start importing Assets/Audios/WhatsApp-Audio-2021-09-13-at-16.45.27.mp3 using Guid(cb43487e45fcfb24689fc55417f1c4c1) Importer(815301076,1909f56bfc062723c751e8b465ee728b)  -> (artifact id: '371e689b59dfd87ddb334622c2ed30f6') in 0.016229 seconds
  Import took 0.021951 seconds .

========================================================================
Received Import Request.
  Time since last request: 10.907494 seconds.
  path: Assets/Audios/voltar.mp3
  artifactKey: Guid(b4a0df5828e51fd488d0a0cfb27c4ba6) Importer(815301076,1909f56bfc062723c751e8b465ee728b)
Start importing Assets/Audios/voltar.mp3 using Guid(b4a0df5828e51fd488d0a0cfb27c4ba6) Importer(815301076,1909f56bfc062723c751e8b465ee728b)  -> (artifact id: '82888fd40365c7c96b748f68b523440f') in 0.026180 seconds
  Import took 0.036788 seconds .

========================================================================
Received Import Request.
  Time since last request: 19.325404 seconds.
  path: Assets/Audios/tamanho da fonte.mp3
  artifactKey: Guid(cb43487e45fcfb24689fc55417f1c4c1) Importer(815301076,1909f56bfc062723c751e8b465ee728b)
Start importing Assets/Audios/tamanho da fonte.mp3 using Guid(cb43487e45fcfb24689fc55417f1c4c1) Importer(815301076,1909f56bfc062723c751e8b465ee728b)  -> (artifact id: 'a6b1e0615ae191ce543c7af7ae53f16e') in 0.083836 seconds
  Import took 0.090144 seconds .

========================================================================
Received Prepare
Registering precompiled user dll's ...
Registered in 0.001622 seconds.
Begin MonoManager ReloadAssembly
Native extension for WindowsStandalone target not found
Native extension for WebGL target not found
Refreshing native plugins compatible for Editor in 0.48 ms, found 1 plugins.
Preloading 0 native plugins for Editor in 0.00 ms.
Mono: successfully reloaded assembly
- Completed reload, in  1.473 seconds
Platform modules already initialized, skipping
Refreshing native plugins compatible for Editor in 0.90 ms, found 1 plugins.
Preloading 0 native plugins for Editor in 0.00 ms.
Unloading 1806 Unused Serialized files (Serialized files now loaded: 0)
System memory in use before: 88.1 MB.
System memory in use after: 88.1 MB.

Unloading 12 unused Assets to reduce memory usage. Loaded Objects now: 2287.
Total: 3.598100 ms (FindLiveObjects: 0.639100 ms CreateObjectMapping: 0.274500 ms MarkObjects: 2.512400 ms  DeleteObjects: 0.169100 ms)

========================================================================
Received Prepare
Registering precompiled user dll's ...
Registered in 0.001396 seconds.
Begin MonoManager ReloadAssembly
Native extension for WindowsStandalone target not found
Native extension for WebGL target not found
Refreshing native plugins compatible for Editor in 0.58 ms, found 1 plugins.
Preloading 0 native plugins for Editor in 0.00 ms.
Mono: successfully reloaded assembly
- Completed reload, in  1.548 seconds
Platform modules already initialized, skipping
Refreshing native plugins compatible for Editor in 0.78 ms, found 1 plugins.
Preloading 0 native plugins for Editor in 0.00 ms.
Unloading 1806 Unused Serialized files (Serialized files now loaded: 0)
System memory in use before: 88.1 MB.
System memory in use after: 88.1 MB.

Unloading 12 unused Assets to reduce memory usage. Loaded Objects now: 2291.
Total: 3.293000 ms (FindLiveObjects: 0.310400 ms CreateObjectMapping: 0.204600 ms MarkObjects: 2.549600 ms  DeleteObjects: 0.226300 ms)

========================================================================
Received Prepare
Registering precompiled user dll's ...
Registered in 0.001435 seconds.
Begin MonoManager ReloadAssembly
Native extension for WindowsStandalone target not found
Native extension for WebGL target not found
Refreshing native plugins compatible for Editor in 0.52 ms, found 1 plugins.
Preloading 0 native plugins for Editor in 0.00 ms.
Mono: successfully reloaded assembly
- Completed reload, in  1.514 seconds
Platform modules already initialized, skipping
Refreshing native plugins compatible for Editor in 0.81 ms, found 1 plugins.
Preloading 0 native plugins for Editor in 0.00 ms.
Unloading 1806 Unused Serialized files (Serialized files now loaded: 0)
System memory in use before: 88.1 MB.
System memory in use after: 88.1 MB.

Unloading 12 unused Assets to reduce memory usage. Loaded Objects now: 2295.
Total: 4.715400 ms (FindLiveObjects: 0.493200 ms CreateObjectMapping: 0.230100 ms MarkObjects: 3.808500 ms  DeleteObjects: 0.180800 ms)

========================================================================
Received Prepare
Registering precompiled user dll's ...
Registered in 0.002305 seconds.
Begin MonoManager ReloadAssembly
Native extension for WindowsStandalone target not found
Native extension for WebGL target not found
Refreshing native plugins compatible for Editor in 0.55 ms, found 1 plugins.
Preloading 0 native plugins for Editor in 0.00 ms.
Mono: successfully reloaded assembly
- Completed reload, in  1.343 seconds
Platform modules already initialized, skipping
Refreshing native plugins compatible for Editor in 1.04 ms, found 1 plugins.
Preloading 0 native plugins for Editor in 0.00 ms.
Unloading 1806 Unused Serialized files (Serialized files now loaded: 0)
System memory in use before: 88.2 MB.
System memory in use after: 88.1 MB.

Unloading 12 unused Assets to reduce memory usage. Loaded Objects now: 2299.
Total: 2.866200 ms (FindLiveObjects: 0.261700 ms CreateObjectMapping: 0.110000 ms MarkObjects: 2.329400 ms  DeleteObjects: 0.163000 ms)

========================================================================
Received Import Request.
  Time since last request: 1113.921363 seconds.
  path: Assets/Audios/WhatsApp-Ptt-2021-09-13-at-16.54.57.mp3
  artifactKey: Guid(8102cdf3e97e077498fe53a7c6618db5) Importer(815301076,1909f56bfc062723c751e8b465ee728b)
Start importing Assets/Audios/WhatsApp-Ptt-2021-09-13-at-16.54.57.mp3 using Guid(8102cdf3e97e077498fe53a7c6618db5) Importer(815301076,1909f56bfc062723c751e8b465ee728b)  -> (artifact id: 'd947df863035c1b06c5c7995fb8aceb2') in 0.093861 seconds
  Import took 0.099495 seconds .

========================================================================
Received Import Request.
  Time since last request: 0.000244 seconds.
  path: Assets/Audios/WhatsApp-Ptt-2021-09-13-at-16.55.16.mp3
  artifactKey: Guid(02d85c5e3a27d87408914b22afa87f09) Importer(815301076,1909f56bfc062723c751e8b465ee728b)
Start importing Assets/Audios/WhatsApp-Ptt-2021-09-13-at-16.55.16.mp3 using Guid(02d85c5e3a27d87408914b22afa87f09) Importer(815301076,1909f56bfc062723c751e8b465ee728b)  -> (artifact id: '7403884d992f34491b51919493efcbce') in 0.015780 seconds
  Import took 0.022158 seconds .

========================================================================
Received Import Request.
  Time since last request: 30.026187 seconds.
  path: Assets/Audios/voltar.mp3
  artifactKey: Guid(8102cdf3e97e077498fe53a7c6618db5) Importer(815301076,1909f56bfc062723c751e8b465ee728b)
Start importing Assets/Audios/voltar.mp3 using Guid(8102cdf3e97e077498fe53a7c6618db5) Importer(815301076,1909f56bfc062723c751e8b465ee728b)  -> (artifact id: 'c74aaae30770e4c478635d15b7926abb') in 0.014398 seconds
  Import took 0.020463 seconds .

========================================================================
Received Import Request.
  Time since last request: 0.001576 seconds.
  path: Assets/Audios/voltar.mp3
  artifactKey: Guid(8102cdf3e97e077498fe53a7c6618db5) Importer(815301076,1909f56bfc062723c751e8b465ee728b)
Start importing Assets/Audios/voltar.mp3 using Guid(8102cdf3e97e077498fe53a7c6618db5) Importer(815301076,1909f56bfc062723c751e8b465ee728b)  -> (artifact id: 'c74aaae30770e4c478635d15b7926abb') in 0.012555 seconds
  Import took 0.019038 seconds .

========================================================================
Received Import Request.
  Time since last request: 10.022514 seconds.
  path: Assets/Audios/tamanho-da-fonte.mp3
  artifactKey: Guid(02d85c5e3a27d87408914b22afa87f09) Importer(815301076,1909f56bfc062723c751e8b465ee728b)
Start importing Assets/Audios/tamanho-da-fonte.mp3 using Guid(02d85c5e3a27d87408914b22afa87f09) Importer(815301076,1909f56bfc062723c751e8b465ee728b)  -> (artifact id: '3c995c8c332464a487d05241a873438d') in 0.024018 seconds
  Import took 0.033204 seconds .

========================================================================
Received Prepare
Registering precompiled user dll's ...
Registered in 0.001569 seconds.
Begin MonoManager ReloadAssembly
Native extension for WindowsStandalone target not found
Native extension for WebGL target not found
Refreshing native plugins compatible for Editor in 0.49 ms, found 1 plugins.
Preloading 0 native plugins for Editor in 0.00 ms.
Mono: successfully reloaded assembly
- Completed reload, in  1.321 seconds
Platform modules already initialized, skipping
Refreshing native plugins compatible for Editor in 0.77 ms, found 1 plugins.
Preloading 0 native plugins for Editor in 0.00 ms.
Unloading 1806 Unused Serialized files (Serialized files now loaded: 0)
System memory in use before: 88.2 MB.
System memory in use after: 88.1 MB.

Unloading 12 unused Assets to reduce memory usage. Loaded Objects now: 2304.
Total: 2.640700 ms (FindLiveObjects: 0.220900 ms CreateObjectMapping: 0.099000 ms MarkObjects: 2.158200 ms  DeleteObjects: 0.160700 ms)

========================================================================
Received Prepare
Registering precompiled user dll's ...
Registered in 0.002216 seconds.
Begin MonoManager ReloadAssembly
Native extension for WindowsStandalone target not found
Native extension for WebGL target not found
Refreshing native plugins compatible for Editor in 0.51 ms, found 1 plugins.
Preloading 0 native plugins for Editor in 0.00 ms.
Mono: successfully reloaded assembly
- Completed reload, in  1.516 seconds
Platform modules already initialized, skipping
Refreshing native plugins compatible for Editor in 0.79 ms, found 1 plugins.
Preloading 0 native plugins for Editor in 0.00 ms.
Unloading 1806 Unused Serialized files (Serialized files now loaded: 0)
System memory in use before: 88.2 MB.
System memory in use after: 88.1 MB.

Unloading 12 unused Assets to reduce memory usage. Loaded Objects now: 2308.
Total: 4.655600 ms (FindLiveObjects: 0.371400 ms CreateObjectMapping: 0.114600 ms MarkObjects: 3.933100 ms  DeleteObjects: 0.233400 ms)

========================================================================
Received Prepare
Registering precompiled user dll's ...
Registered in 0.001782 seconds.
Begin MonoManager ReloadAssembly
Native extension for WindowsStandalone target not found
Native extension for WebGL target not found
Refreshing native plugins compatible for Editor in 0.52 ms, found 1 plugins.
Preloading 0 native plugins for Editor in 0.00 ms.
Mono: successfully reloaded assembly
- Completed reload, in  1.399 seconds
Platform modules already initialized, skipping
Refreshing native plugins compatible for Editor in 0.91 ms, found 1 plugins.
Preloading 0 native plugins for Editor in 0.00 ms.
Unloading 1806 Unused Serialized files (Serialized files now loaded: 0)
System memory in use before: 88.2 MB.
System memory in use after: 88.2 MB.

Unloading 12 unused Assets to reduce memory usage. Loaded Objects now: 2312.
Total: 2.583600 ms (FindLiveObjects: 0.225300 ms CreateObjectMapping: 0.097700 ms MarkObjects: 2.102700 ms  DeleteObjects: 0.156100 ms)

========================================================================
Received Prepare
Registering precompiled user dll's ...
Registered in 0.001400 seconds.
Begin MonoManager ReloadAssembly
Native extension for WindowsStandalone target not found
Native extension for WebGL target not found
Refreshing native plugins compatible for Editor in 0.48 ms, found 1 plugins.
Preloading 0 native plugins for Editor in 0.00 ms.
Mono: successfully reloaded assembly
- Completed reload, in  1.530 seconds
Platform modules already initialized, skipping
Refreshing native plugins compatible for Editor in 0.73 ms, found 1 plugins.
Preloading 0 native plugins for Editor in 0.00 ms.
Unloading 1805 Unused Serialized files (Serialized files now loaded: 0)
System memory in use before: 88.2 MB.
System memory in use after: 88.1 MB.

Unloading 13 unused Assets to reduce memory usage. Loaded Objects now: 2315.
Total: 2.739700 ms (FindLiveObjects: 0.253900 ms CreateObjectMapping: 0.094800 ms MarkObjects: 2.215900 ms  DeleteObjects: 0.173400 ms)

========================================================================
Received Prepare
Registering precompiled user dll's ...
Registered in 0.001375 seconds.
Begin MonoManager ReloadAssembly
Native extension for WindowsStandalone target not found
Native extension for WebGL target not found
Refreshing native plugins compatible for Editor in 0.47 ms, found 1 plugins.
Preloading 0 native plugins for Editor in 0.00 ms.
Mono: successfully reloaded assembly
- Completed reload, in  1.408 seconds
Platform modules already initialized, skipping
Refreshing native plugins compatible for Editor in 0.80 ms, found 1 plugins.
Preloading 0 native plugins for Editor in 0.00 ms.
Unloading 1805 Unused Serialized files (Serialized files now loaded: 0)
System memory in use before: 88.2 MB.
System memory in use after: 88.2 MB.

Unloading 12 unused Assets to reduce memory usage. Loaded Objects now: 2319.
Total: 3.150000 ms (FindLiveObjects: 0.326700 ms CreateObjectMapping: 0.194100 ms MarkObjects: 2.455600 ms  DeleteObjects: 0.170600 ms)

AssetImportWorkerClient::OnTransportError - code=2 error=End of file
